1513771823000	geckodriver	INFO	geckodriver 0.19.1
1513771823008	geckodriver	INFO	Listening on 127.0.0.1:49513
1513771823418	mozrunner::runner	INFO	Running command: "/usr/bin/firefox" "-marionette" "-profile" "/tmp/rust_mozprofile.pzdU6auGfgy0"

(firefox:6772): Gtk-WARNING **: Theme parsing error: gtk.css:3601:22: 'none' is not a valid color name
1513771824874	Marionette	INFO	Enabled via --marionette
JavaScript error: jar:file:///usr/lib/firefox/omni.ja!/components/addonsInfo.js, line 91: SyntaxError: "0"-prefixed octal literals and octal escape sequences are deprecated; for octal literals use the "0o" prefix instead

(/usr/lib/firefox/firefox:6817): Gtk-WARNING **: Theme parsing error: gtk.css:3601:22: 'none' is not a valid color name
1513771829286	Marionette	INFO	Listening on port 40129
1513771829389	Marionette	WARN	TLS certificate errors will be ignored for this session
1513771829601	Marionette	DEBUG	Register listener.js for window 2147483649
1513771829752	Marionette	DEBUG	Received DOM event "beforeunload" for "about:blank"
1513771829942	Marionette	DEBUG	Received DOM event "pagehide" for "about:blank"
1513771829943	Marionette	DEBUG	Received DOM event "unload" for "about:blank"
1513771830573	Marionette	DEBUG	Received DOM event "DOMContentLoaded" for "http://localhost/litecart/admin/login.php"
1513771830603	Marionette	DEBUG	Received DOM event "pageshow" for "http://localhost/litecart/admin/login.php"
*** UTM:SVC TimerManager:registerTimer called after profile-before-change notification. Ignoring timer registration for id: telemetry_modules_ping
1513771894383	geckodriver	INFO	geckodriver 0.19.1
1513771894396	geckodriver	INFO	Listening on 127.0.0.1:53365
1513771895709	mozrunner::runner	INFO	Running command: "/usr/bin/firefox" "-marionette" "-profile" "/tmp/rust_mozprofile.M1MIyVcRL3SM"

(firefox:6909): Gtk-WARNING **: Theme parsing error: gtk.css:3601:22: 'none' is not a valid color name
1513771897004	Marionette	INFO	Enabled via --marionette
JavaScript error: jar:file:///usr/lib/firefox/omni.ja!/components/addonsInfo.js, line 91: SyntaxError: "0"-prefixed octal literals and octal escape sequences are deprecated; for octal literals use the "0o" prefix instead

(/usr/lib/firefox/firefox:6952): Gtk-WARNING **: Theme parsing error: gtk.css:3601:22: 'none' is not a valid color name
1513771901084	Marionette	INFO	Listening on port 42637
1513771901156	Marionette	WARN	TLS certificate errors will be ignored for this session
1513771901307	Marionette	DEBUG	Register listener.js for window 2147483649
*** UTM:SVC TimerManager:registerTimer called after profile-before-change notification. Ignoring timer registration for id: telemetry_modules_ping
1513771933426	geckodriver	INFO	geckodriver 0.19.1
1513771933435	geckodriver	INFO	Listening on 127.0.0.1:57181
1513771934702	mozrunner::runner	INFO	Running command: "/usr/bin/firefox" "-marionette" "-profile" "/tmp/rust_mozprofile.2DsTSmKTIJNf"

(firefox:7037): Gtk-WARNING **: Theme parsing error: gtk.css:3601:22: 'none' is not a valid color name
1513771936129	Marionette	INFO	Enabled via --marionette
JavaScript error: jar:file:///usr/lib/firefox/omni.ja!/components/addonsInfo.js, line 91: SyntaxError: "0"-prefixed octal literals and octal escape sequences are deprecated; for octal literals use the "0o" prefix instead

(/usr/lib/firefox/firefox:7082): Gtk-WARNING **: Theme parsing error: gtk.css:3601:22: 'none' is not a valid color name
1513771940164	Marionette	INFO	Listening on port 41871
1513771940244	Marionette	WARN	TLS certificate errors will be ignored for this session
1513771940397	Marionette	DEBUG	Register listener.js for window 2147483649
1513771940537	Marionette	DEBUG	Received DOM event "beforeunload" for "about:blank"
1513771940727	Marionette	DEBUG	Received DOM event "pagehide" for "about:blank"
1513771940731	Marionette	DEBUG	Received DOM event "unload" for "about:blank"
1513771941513	Marionette	DEBUG	Received DOM event "DOMContentLoaded" for "http://localhost/litecart/admin/login.php"
1513771941531	Marionette	DEBUG	Received DOM event "pageshow" for "http://localhost/litecart/admin/login.php"
1513771941958	Marionette	DEBUG	Received DOM event "beforeunload" for "http://localhost/litecart/admin/login.php"
1513771947166	Marionette	DEBUG	Canceled page load listener because no navigation has been detected

(/usr/lib/firefox/firefox:7082): dconf-WARNING **: Unable to open /var/lib/flatpak/exports/share/dconf/profile/user: Отказано в доступе
[Child 7082, Chrome_ChildThread] WARNING: pipe error (31): Соединение разорвано другой стороной: file /build/firefox-SbH7UZ/firefox-57.0/ipc/chromium/src/chrome/common/ipc_channel_posix.cc, line 353
[Child 7082, Chrome_ChildThread] WARNING: pipe error (15): Соединение разорвано другой стороной: file /build/firefox-SbH7UZ/firefox-57.0/ipc/chromium/src/chrome/common/ipc_channel_posix.cc, line 353
[Child 7082, Chrome_ChildThread] WARNING: pipe error (3): Соединение разорвано другой стороной: file /build/firefox-SbH7UZ/firefox-57.0/ipc/chromium/src/chrome/common/ipc_channel_posix.cc, line 353
1513772133687	geckodriver	INFO	geckodriver 0.19.1
1513772133698	geckodriver	INFO	Listening on 127.0.0.1:39117
1513772135032	mozrunner::runner	INFO	Running command: "/usr/bin/firefox" "-marionette" "-profile" "/tmp/rust_mozprofile.kt1LQSCXjBcr"

(firefox:7201): Gtk-WARNING **: Theme parsing error: gtk.css:3601:22: 'none' is not a valid color name
1513772136448	Marionette	INFO	Enabled via --marionette
JavaScript error: jar:file:///usr/lib/firefox/omni.ja!/components/addonsInfo.js, line 91: SyntaxError: "0"-prefixed octal literals and octal escape sequences are deprecated; for octal literals use the "0o" prefix instead

(/usr/lib/firefox/firefox:7245): Gtk-WARNING **: Theme parsing error: gtk.css:3601:22: 'none' is not a valid color name
1513772140951	Marionette	INFO	Listening on port 43685
1513772140975	Marionette	WARN	TLS certificate errors will be ignored for this session
1513772141285	Marionette	DEBUG	Register listener.js for window 2147483649
1513772141452	Marionette	DEBUG	Received DOM event "beforeunload" for "about:blank"
1513772141641	Marionette	DEBUG	Received DOM event "pagehide" for "about:blank"
1513772141648	Marionette	DEBUG	Received DOM event "unload" for "about:blank"
1513772142323	Marionette	DEBUG	Received DOM event "DOMContentLoaded" for "http://localhost/litecart/admin/login.php"
1513772142366	Marionette	DEBUG	Received DOM event "pageshow" for "http://localhost/litecart/admin/login.php"
1513772142808	Marionette	DEBUG	Received DOM event "beforeunload" for "http://localhost/litecart/admin/login.php"
1513772145088	Marionette	DEBUG	Received DOM event "pagehide" for "http://localhost/litecart/admin/login.php"
1513772145089	Marionette	DEBUG	Received DOM event "unload" for "http://localhost/litecart/admin/login.php"
1513772145816	Marionette	DEBUG	Received DOM event "DOMContentLoaded" for "http://localhost/litecart/admin/"
1513772145971	Marionette	DEBUG	Received DOM event "pageshow" for "http://localhost/litecart/admin/"
[Child 7245, Chrome_ChildThread] WARNING: pipe error (15): Соединение разорвано другой стороной: file /build/firefox-SbH7UZ/firefox-57.0/ipc/chromium/src/chrome/common/ipc_channel_posix.cc, line 353
[Child 7245, Chrome_ChildThread] WARNING: pipe error (3): Соединение разорвано другой стороной: file /build/firefox-SbH7UZ/firefox-57.0/ipc/chromium/src/chrome/common/ipc_channel_posix.cc, line 353
